{"message":"\u001b[0mGET /babel/parser/lib/index.js \u001b[33m404\u001b[0m 1.603 ms - 164\u001b[0m\n","level":"info"}
{"message":"\u001b[0mGET /babel/parser/lib/index.js \u001b[33m404\u001b[0m 0.425 ms - 164\u001b[0m\n","level":"info"}
{"message":"\u001b[0mGET /babel/parser/lib/index.js \u001b[33m404\u001b[0m 0.331 ms - 164\u001b[0m\n","level":"info"}
{"message":"\u001b[0mPOST /nextrend/login/onLogin?userID=admin&userPW=123 \u001b[32m200\u001b[0m 633.488 ms - 38\u001b[0m\n","level":"info"}
{"message":"\u001b[0mGET /nextrend/categorys/ \u001b[36m304\u001b[0m 3.395 ms - -\u001b[0m\n","level":"info"}
{"message":"\u001b[0mGET /nextrend/user/get \u001b[32m200\u001b[0m 6.091 ms - 1112\u001b[0m\n","level":"info"}
{"message":"\u001b[0mGET /nextrend/user/get \u001b[36m304\u001b[0m 2.144 ms - -\u001b[0m\n","level":"info"}
{"message":"\u001b[0mGET /nextrend/user/get \u001b[36m304\u001b[0m 6.126 ms - -\u001b[0m\n","level":"info"}
{"message":"\u001b[0mGET /nextrend/user/get \u001b[32m200\u001b[0m 6.070 ms - 1112\u001b[0m\n","level":"info"}
{"message":"\u001b[0mGET /nextrend/user/get \u001b[36m304\u001b[0m 6.371 ms - -\u001b[0m\n","level":"info"}
{"message":"\u001b[0mGET /nextrend/user/get \u001b[36m304\u001b[0m 2.125 ms - -\u001b[0m\n","level":"info"}
{"message":"\u001b[0mGET /nextrend/user/get \u001b[36m304\u001b[0m 1.648 ms - -\u001b[0m\n","level":"info"}
{"message":"\u001b[0mGET /nextrend/user/get \u001b[36m304\u001b[0m 1.386 ms - -\u001b[0m\n","level":"info"}
{"message":"\u001b[0mGET /nextrend/user/get \u001b[36m304\u001b[0m 1.290 ms - -\u001b[0m\n","level":"info"}
{"message":"\u001b[0mGET /nextrend/user/get \u001b[36m304\u001b[0m 1.200 ms - -\u001b[0m\n","level":"info"}
{"message":"\u001b[0mGET /nextrend/user/get \u001b[36m304\u001b[0m 1.208 ms - -\u001b[0m\n","level":"info"}
{"message":"\u001b[0mGET /nextrend/user/get \u001b[36m304\u001b[0m 1.221 ms - -\u001b[0m\n","level":"info"}
{"message":"\u001b[0mGET /nextrend/user/get \u001b[36m304\u001b[0m 1.244 ms - -\u001b[0m\n","level":"info"}
{"message":"\u001b[0mGET /nextrend/user/get \u001b[36m304\u001b[0m 1.590 ms - -\u001b[0m\n","level":"info"}
{"message":"\u001b[0mGET /nextrend/user/get \u001b[36m304\u001b[0m 1.219 ms - -\u001b[0m\n","level":"info"}
{"message":"\u001b[0mGET /nextrend/user/get \u001b[36m304\u001b[0m 1.316 ms - -\u001b[0m\n","level":"info"}
{"message":"\u001b[0mGET /nextrend/user/get \u001b[36m304\u001b[0m 2.093 ms - -\u001b[0m\n","level":"info"}
{"message":"\u001b[0mGET /nextrend/user/get \u001b[36m304\u001b[0m 1.336 ms - -\u001b[0m\n","level":"info"}
{"message":"\u001b[0mGET /nextrend/user/get \u001b[36m304\u001b[0m 1.245 ms - -\u001b[0m\n","level":"info"}
{"message":"\u001b[0mGET /nextrend/user/get \u001b[36m304\u001b[0m 1.303 ms - -\u001b[0m\n","level":"info"}
{"message":"\u001b[0mGET /nextrend/user/get \u001b[36m304\u001b[0m 1.194 ms - -\u001b[0m\n","level":"info"}
{"message":"\u001b[0mGET /nextrend/user/get \u001b[36m304\u001b[0m 1.145 ms - -\u001b[0m\n","level":"info"}
{"message":"\u001b[0mGET /nextrend/user/get \u001b[36m304\u001b[0m 1.123 ms - -\u001b[0m\n","level":"info"}
{"message":"\u001b[0mGET /nextrend/user/get \u001b[36m304\u001b[0m 1.196 ms - -\u001b[0m\n","level":"info"}
{"message":"\u001b[0mGET /nextrend/user/get \u001b[36m304\u001b[0m 1.147 ms - -\u001b[0m\n","level":"info"}
{"message":"\u001b[0mGET /nextrend/user/get \u001b[36m304\u001b[0m 1.136 ms - -\u001b[0m\n","level":"info"}
{"message":"\u001b[0mGET /nextrend/user/get \u001b[36m304\u001b[0m 1.319 ms - -\u001b[0m\n","level":"info"}
{"message":"\u001b[0mGET /nextrend/user/get \u001b[36m304\u001b[0m 1.383 ms - -\u001b[0m\n","level":"info"}
{"message":"\u001b[0mGET /nextrend/user/get \u001b[36m304\u001b[0m 1.152 ms - -\u001b[0m\n","level":"info"}
{"message":"\u001b[0mGET /nextrend/user/get \u001b[36m304\u001b[0m 1.214 ms - -\u001b[0m\n","level":"info"}
{"message":"\u001b[0mGET /nextrend/user/get \u001b[36m304\u001b[0m 1.198 ms - -\u001b[0m\n","level":"info"}
{"message":"\u001b[0mGET /nextrend/user/get \u001b[36m304\u001b[0m 1.504 ms - -\u001b[0m\n","level":"info"}
{"message":"\u001b[0mGET /nextrend/user/get \u001b[36m304\u001b[0m 1.147 ms - -\u001b[0m\n","level":"info"}
{"message":"\u001b[0mGET /nextrend/user/get \u001b[36m304\u001b[0m 1.131 ms - -\u001b[0m\n","level":"info"}
{"message":"\u001b[0mGET /nextrend/user/get \u001b[36m304\u001b[0m 1.287 ms - -\u001b[0m\n","level":"info"}
{"message":"\u001b[0mGET /nextrend/user/get \u001b[36m304\u001b[0m 1.166 ms - -\u001b[0m\n","level":"info"}
{"message":"\u001b[0mGET /nextrend/user/get \u001b[36m304\u001b[0m 1.192 ms - -\u001b[0m\n","level":"info"}
{"message":"\u001b[0mGET /nextrend/user/get \u001b[36m304\u001b[0m 1.115 ms - -\u001b[0m\n","level":"info"}
{"message":"\u001b[0mGET /nextrend/user/get \u001b[36m304\u001b[0m 1.890 ms - -\u001b[0m\n","level":"info"}
{"message":"\u001b[0mGET /nextrend/user/get \u001b[36m304\u001b[0m 1.521 ms - -\u001b[0m\n","level":"info"}
{"message":"\u001b[0mPOST /nextrend/login/onLogin?userID=admin&userPW=123 \u001b[32m200\u001b[0m 635.638 ms - 38\u001b[0m\n","level":"info"}
{"message":"\u001b[0mGET /nextrend/user/get \u001b[36m304\u001b[0m 7.132 ms - -\u001b[0m\n","level":"info"}
{"message":"\u001b[0mGET /nextrend/user/get \u001b[36m304\u001b[0m 8.521 ms - -\u001b[0m\n","level":"info"}
{"message":"\u001b[0mGET /nextrend/user/get \u001b[32m200\u001b[0m 7.367 ms - 1112\u001b[0m\n","level":"info"}
{"message":"\u001b[0mGET /nextrend/user/get \u001b[36m304\u001b[0m 5.871 ms - -\u001b[0m\n","level":"info"}
{"message":"\u001b[0mGET /nextrend/user/get \u001b[32m200\u001b[0m 6.245 ms - 1112\u001b[0m\n","level":"info"}
{"message":"\u001b[0mGET /babel/parser/lib/index.js \u001b[33m404\u001b[0m 1.729 ms - 164\u001b[0m\n","level":"info"}
{"message":"\u001b[0mGET /babel/parser/lib/index.js \u001b[33m404\u001b[0m 0.391 ms - 164\u001b[0m\n","level":"info"}
{"message":"\u001b[0mGET /babel/parser/lib/index.js \u001b[33m404\u001b[0m 0.246 ms - 164\u001b[0m\n","level":"info"}
{"message":"\u001b[0mGET /babel/parser/lib/index.js \u001b[33m404\u001b[0m 0.275 ms - 164\u001b[0m\n","level":"info"}
{"message":"\u001b[0mGET /babel/parser/lib/index.js \u001b[33m404\u001b[0m 0.233 ms - 164\u001b[0m\n","level":"info"}
{"message":"\u001b[0mGET /nextrend/user/get \u001b[36m304\u001b[0m 5.541 ms - -\u001b[0m\n","level":"info"}
{"message":"\u001b[0mGET /nextrend/user/get \u001b[36m304\u001b[0m 1.879 ms - -\u001b[0m\n","level":"info"}
{"message":"\u001b[0mGET /nextrend/user/get \u001b[36m304\u001b[0m 5.852 ms - -\u001b[0m\n","level":"info"}
{"message":"\u001b[0mGET /nextrend/user/get \u001b[36m304\u001b[0m 1.735 ms - -\u001b[0m\n","level":"info"}
{"message":"\u001b[0mGET /nextrend/user/get \u001b[32m200\u001b[0m 3.381 ms - 1112\u001b[0m\n","level":"info"}
{"message":"\u001b[0mGET /nextrend/user/get \u001b[36m304\u001b[0m 5.917 ms - -\u001b[0m\n","level":"info"}
{"message":"\u001b[0mGET /nextrend/user/get \u001b[36m304\u001b[0m 1.770 ms - -\u001b[0m\n","level":"info"}
{"message":"\u001b[0mGET /babel/parser/lib/index.js \u001b[33m404\u001b[0m 2.225 ms - 164\u001b[0m\n","level":"info"}
{"message":"\u001b[0mGET /nextrend/user/get \u001b[36m304\u001b[0m 6.483 ms - -\u001b[0m\n","level":"info"}
{"message":"\u001b[0mGET /nextrend/user/get \u001b[32m200\u001b[0m 6.667 ms - 1112\u001b[0m\n","level":"info"}
{"message":"\u001b[0mGET /nextrend/user/get \u001b[36m304\u001b[0m 6.312 ms - -\u001b[0m\n","level":"info"}
{"message":"\u001b[0mGET /nextrend/user/get \u001b[32m200\u001b[0m 6.796 ms - 1112\u001b[0m\n","level":"info"}
{"message":"\u001b[0mGET /nextrend/user/get \u001b[36m304\u001b[0m 5.867 ms - -\u001b[0m\n","level":"info"}
{"message":"\u001b[0mGET /nextrend/user/get \u001b[32m200\u001b[0m 6.490 ms - 1112\u001b[0m\n","level":"info"}
{"message":"\u001b[0mGET /nextrend/user/get \u001b[32m200\u001b[0m 7.140 ms - 1112\u001b[0m\n","level":"info"}
{"message":"\u001b[0mGET /nextrend/user/get \u001b[32m200\u001b[0m 6.545 ms - 1112\u001b[0m\n","level":"info"}
{"message":"\u001b[0mGET /nextrend/user/get \u001b[36m304\u001b[0m 1.810 ms - -\u001b[0m\n","level":"info"}
{"message":"\u001b[0mGET /nextrend/user/get \u001b[32m200\u001b[0m 6.702 ms - 1112\u001b[0m\n","level":"info"}
{"message":"\u001b[0mGET /nextrend/user/get \u001b[36m304\u001b[0m 5.936 ms - -\u001b[0m\n","level":"info"}
{"message":"\u001b[0mGET /nextrend/user/get \u001b[36m304\u001b[0m 5.910 ms - -\u001b[0m\n","level":"info"}
{"message":"\u001b[0mGET /babel/parser/lib/index.js \u001b[33m404\u001b[0m 1.647 ms - 164\u001b[0m\n","level":"info"}
{"message":"\u001b[0mGET /nextrend/user/get \u001b[36m304\u001b[0m 6.622 ms - -\u001b[0m\n","level":"info"}
{"message":"\u001b[0mGET /nextrend/user/get \u001b[36m304\u001b[0m 9.276 ms - -\u001b[0m\n","level":"info"}
{"message":"\u001b[0mGET /nextrend/user/get \u001b[36m304\u001b[0m 8.458 ms - -\u001b[0m\n","level":"info"}
{"message":"\u001b[0mGET /nextrend/user/get \u001b[36m304\u001b[0m 1.965 ms - -\u001b[0m\n","level":"info"}
{"message":"\u001b[0mGET /nextrend/user/get \u001b[36m304\u001b[0m 3.055 ms - -\u001b[0m\n","level":"info"}
{"message":"\u001b[0mGET /nextrend/user/get \u001b[32m200\u001b[0m 7.842 ms - 1112\u001b[0m\n","level":"info"}
{"message":"\u001b[0mGET /nextrend/user/get \u001b[32m200\u001b[0m 8.612 ms - 1112\u001b[0m\n","level":"info"}
{"message":"\u001b[0mPOST /nextrend/login/onLogin?userID=admin&userPW=123 \u001b[32m200\u001b[0m 634.760 ms - 38\u001b[0m\n","level":"info"}
{"message":"\u001b[0mGET /nextrend/user/get \u001b[36m304\u001b[0m 4.572 ms - -\u001b[0m\n","level":"info"}
{"message":"\u001b[0mGET /nextrend/user/get \u001b[36m304\u001b[0m 7.537 ms - -\u001b[0m\n","level":"info"}
{"message":"\u001b[0mGET /nextrend/user/get \u001b[36m304\u001b[0m 6.233 ms - -\u001b[0m\n","level":"info"}
{"message":"\u001b[0mGET /nextrend/user/get \u001b[36m304\u001b[0m 1.811 ms - -\u001b[0m\n","level":"info"}
{"message":"\u001b[0mGET /nextrend/user/get \u001b[36m304\u001b[0m 5.908 ms - -\u001b[0m\n","level":"info"}
{"message":"\u001b[0mGET /nextrend/user/get \u001b[36m304\u001b[0m 2.937 ms - -\u001b[0m\n","level":"info"}
{"message":"\u001b[0mGET /nextrend/user/get \u001b[36m304\u001b[0m 5.957 ms - -\u001b[0m\n","level":"info"}
{"message":"\u001b[0mGET /nextrend/user/get \u001b[36m304\u001b[0m 7.785 ms - -\u001b[0m\n","level":"info"}
{"message":"\u001b[0mGET /nextrend/user/get \u001b[36m304\u001b[0m 8.289 ms - -\u001b[0m\n","level":"info"}
{"message":"\u001b[0mGET /nextrend/user/get \u001b[36m304\u001b[0m 1.865 ms - -\u001b[0m\n","level":"info"}
{"message":"\u001b[0mGET /nextrend/user/get \u001b[36m304\u001b[0m 5.838 ms - -\u001b[0m\n","level":"info"}
{"message":"\u001b[0mGET /nextrend/user/get \u001b[36m304\u001b[0m 2.067 ms - -\u001b[0m\n","level":"info"}
{"message":"\u001b[0mGET /babel/parser/lib/index.js \u001b[33m404\u001b[0m 1.608 ms - 164\u001b[0m\n","level":"info"}
{"message":"\u001b[0mGET /babel/parser/lib/index.js \u001b[33m404\u001b[0m 0.476 ms - 164\u001b[0m\n","level":"info"}
{"message":"\u001b[0mGET /nextrend/user/get \u001b[36m304\u001b[0m 5.440 ms - -\u001b[0m\n","level":"info"}
{"message":"\u001b[0mGET /nextrend/user/get \u001b[36m304\u001b[0m 6.064 ms - -\u001b[0m\n","level":"info"}
{"message":"\u001b[0mGET /nextrend/user/get \u001b[36m304\u001b[0m 11.609 ms - -\u001b[0m\n","level":"info"}
{"message":"\u001b[0mGET /nextrend/user/get \u001b[36m304\u001b[0m 1.603 ms - -\u001b[0m\n","level":"info"}
{"message":"\u001b[0mGET /nextrend/user/get \u001b[36m304\u001b[0m 8.722 ms - -\u001b[0m\n","level":"info"}
{"message":"\u001b[0mGET /nextrend/user/get \u001b[36m304\u001b[0m 6.069 ms - -\u001b[0m\n","level":"info"}
{"message":"\u001b[0mGET /nextrend/user/get \u001b[36m304\u001b[0m 5.993 ms - -\u001b[0m\n","level":"info"}
{"message":"\u001b[0mGET /nextrend/user/get \u001b[36m304\u001b[0m 1.925 ms - -\u001b[0m\n","level":"info"}
{"message":"\u001b[0mGET /nextrend/user/get \u001b[36m304\u001b[0m 9.303 ms - -\u001b[0m\n","level":"info"}
{"message":"\u001b[0mGET /nextrend/user/get \u001b[36m304\u001b[0m 2.057 ms - -\u001b[0m\n","level":"info"}
{"message":"\u001b[0mGET /nextrend/user/get \u001b[36m304\u001b[0m 7.670 ms - -\u001b[0m\n","level":"info"}
{"message":"\u001b[0mGET /nextrend/user/get \u001b[36m304\u001b[0m 1.728 ms - -\u001b[0m\n","level":"info"}
{"message":"\u001b[0mGET /nextrend/user/get \u001b[32m200\u001b[0m 5.822 ms - 1112\u001b[0m\n","level":"info"}
{"message":"\u001b[0mGET /nextrend/user/get \u001b[36m304\u001b[0m 6.027 ms - -\u001b[0m\n","level":"info"}
{"message":"\u001b[0mGET /nextrend/user/get \u001b[36m304\u001b[0m 10.043 ms - -\u001b[0m\n","level":"info"}
{"message":"\u001b[0mGET /nextrend/user/get \u001b[36m304\u001b[0m 1.724 ms - -\u001b[0m\n","level":"info"}
{"message":"\u001b[0mGET /nextrend/categorys/ \u001b[36m304\u001b[0m 6.970 ms - -\u001b[0m\n","level":"info"}
{"message":"\u001b[0mGET /nextrend/categorys/ \u001b[36m304\u001b[0m 2.806 ms - -\u001b[0m\n","level":"info"}
{"message":"\u001b[0mGET /nextrend/user/get \u001b[36m304\u001b[0m 2.963 ms - -\u001b[0m\n","level":"info"}
{"message":"\u001b[0mGET /nextrend/categorys/ \u001b[36m304\u001b[0m 3.618 ms - -\u001b[0m\n","level":"info"}
{"message":"\u001b[0mGET /nextrend/user/get \u001b[36m304\u001b[0m 1.386 ms - -\u001b[0m\n","level":"info"}
{"message":"\u001b[0mGET /nextrend/user/get \u001b[36m304\u001b[0m 6.649 ms - -\u001b[0m\n","level":"info"}
{"message":"\u001b[0mGET /nextrend/user/get \u001b[36m304\u001b[0m 1.339 ms - -\u001b[0m\n","level":"info"}
{"message":"\u001b[0mGET /nextrend/user/get \u001b[32m200\u001b[0m 6.294 ms - 1112\u001b[0m\n","level":"info"}
{"message":"\u001b[0mGET /nextrend/user/get \u001b[36m304\u001b[0m 6.318 ms - -\u001b[0m\n","level":"info"}
{"message":"\u001b[0mGET /nextrend/user/get \u001b[36m304\u001b[0m 7.220 ms - -\u001b[0m\n","level":"info"}
{"message":"\u001b[0mGET /nextrend/user/get \u001b[36m304\u001b[0m 2.524 ms - -\u001b[0m\n","level":"info"}
{"message":"\u001b[0mGET /nextrend/user/get \u001b[36m304\u001b[0m 1.926 ms - -\u001b[0m\n","level":"info"}
{"message":"\u001b[0mGET /nextrend/user/get \u001b[32m200\u001b[0m 6.445 ms - 1112\u001b[0m\n","level":"info"}
{"message":"\u001b[0mGET /nextrend/user/get \u001b[36m304\u001b[0m 4.366 ms - -\u001b[0m\n","level":"info"}
{"message":"\u001b[0mGET /nextrend/user/get \u001b[36m304\u001b[0m 6.391 ms - -\u001b[0m\n","level":"info"}
{"message":"\u001b[0mGET /nextrend/user/get \u001b[36m304\u001b[0m 13.416 ms - -\u001b[0m\n","level":"info"}
{"message":"\u001b[0mGET /nextrend/user/get \u001b[36m304\u001b[0m 2.108 ms - -\u001b[0m\n","level":"info"}
{"message":"\u001b[0mGET /nextrend/user/get \u001b[36m304\u001b[0m 8.987 ms - -\u001b[0m\n","level":"info"}
{"message":"\u001b[0mGET /nextrend/user/get \u001b[36m304\u001b[0m 2.523 ms - -\u001b[0m\n","level":"info"}
{"message":"\u001b[0mGET /nextrend/user/get \u001b[36m304\u001b[0m 3.399 ms - -\u001b[0m\n","level":"info"}
{"message":"\u001b[0mGET /nextrend/user/get \u001b[36m304\u001b[0m 1.912 ms - -\u001b[0m\n","level":"info"}
{"message":"\u001b[0mGET /nextrend/user/get \u001b[32m200\u001b[0m 6.348 ms - 1112\u001b[0m\n","level":"info"}
{"message":"\u001b[0mGET /nextrend/user/get \u001b[36m304\u001b[0m 6.629 ms - -\u001b[0m\n","level":"info"}
{"message":"\u001b[0mGET /nextrend/user/get \u001b[36m304\u001b[0m 3.219 ms - -\u001b[0m\n","level":"info"}
{"message":"\u001b[0mGET /nextrend/user/get \u001b[36m304\u001b[0m 1.553 ms - -\u001b[0m\n","level":"info"}
{"message":"\u001b[0mGET /nextrend/user/get \u001b[36m304\u001b[0m 6.066 ms - -\u001b[0m\n","level":"info"}
{"message":"\u001b[0mGET /nextrend/user/get \u001b[32m200\u001b[0m 5.847 ms - 1112\u001b[0m\n","level":"info"}
{"message":"\u001b[0mGET /nextrend/user/get \u001b[32m200\u001b[0m 5.956 ms - 1112\u001b[0m\n","level":"info"}
{"message":"\u001b[0mGET /nextrend/user/get \u001b[36m304\u001b[0m 5.928 ms - -\u001b[0m\n","level":"info"}
{"message":"\u001b[0mGET /nextrend/user/get \u001b[36m304\u001b[0m 5.788 ms - -\u001b[0m\n","level":"info"}
{"message":"\u001b[0mGET /nextrend/user/get \u001b[36m304\u001b[0m 5.944 ms - -\u001b[0m\n","level":"info"}
{"message":"\u001b[0mGET /nextrend/user/get \u001b[36m304\u001b[0m 2.078 ms - -\u001b[0m\n","level":"info"}
{"message":"\u001b[0mGET /nextrend/user/get \u001b[36m304\u001b[0m 5.875 ms - -\u001b[0m\n","level":"info"}
{"message":"\u001b[0mGET /nextrend/user/get \u001b[36m304\u001b[0m 5.880 ms - -\u001b[0m\n","level":"info"}
{"message":"\u001b[0mGET /nextrend/user/get \u001b[36m304\u001b[0m 1.801 ms - -\u001b[0m\n","level":"info"}
{"message":"\u001b[0mGET /nextrend/user/get \u001b[36m304\u001b[0m 6.005 ms - -\u001b[0m\n","level":"info"}
{"message":"\u001b[0mGET /nextrend/user/get \u001b[32m200\u001b[0m 6.166 ms - 1112\u001b[0m\n","level":"info"}
{"message":"\u001b[0mGET /nextrend/user/get \u001b[36m304\u001b[0m 5.890 ms - -\u001b[0m\n","level":"info"}
{"message":"\u001b[0mGET /nextrend/user/get \u001b[36m304\u001b[0m 18.003 ms - -\u001b[0m\n","level":"info"}
{"message":"\u001b[0mGET /nextrend/user/get \u001b[36m304\u001b[0m 6.607 ms - -\u001b[0m\n","level":"info"}
{"message":"\u001b[0mGET /nextrend/user/get \u001b[36m304\u001b[0m 8.480 ms - -\u001b[0m\n","level":"info"}
{"message":"\u001b[0mGET /nextrend/user/get \u001b[36m304\u001b[0m 6.867 ms - -\u001b[0m\n","level":"info"}
{"message":"\u001b[0mGET /nextrend/user/get \u001b[36m304\u001b[0m 5.751 ms - -\u001b[0m\n","level":"info"}
{"message":"\u001b[0mGET /nextrend/user/get \u001b[36m304\u001b[0m 9.510 ms - -\u001b[0m\n","level":"info"}
{"message":"\u001b[0mGET /nextrend/user/get \u001b[36m304\u001b[0m 2.622 ms - -\u001b[0m\n","level":"info"}
{"message":"\u001b[0mPOST /nextrend/login/hashPw?userPW=123 \u001b[32m200\u001b[0m 629.810 ms - 195\u001b[0m\n","level":"info"}
{"message":"\u001b[0mPOST /nextrend/login/hashPw?userPW=d \u001b[32m200\u001b[0m 660.797 ms - 195\u001b[0m\n","level":"info"}
{"message":"\u001b[0mPOST /nextrend/login/hashPw?userPW=ds \u001b[32m200\u001b[0m 704.326 ms - 195\u001b[0m\n","level":"info"}
{"message":"\u001b[0mPOST /nextrend/login/hashPw?userPW=dsa \u001b[32m200\u001b[0m 704.587 ms - 195\u001b[0m\n","level":"info"}
{"message":"\u001b[0mPOST /nextrend/login/hashPw?userPW=dsad \u001b[32m200\u001b[0m 659.035 ms - 195\u001b[0m\n","level":"info"}
{"message":"\u001b[0mPOST /nextrend/login/hashPw?userPW=dsads \u001b[32m200\u001b[0m 740.164 ms - 195\u001b[0m\n","level":"info"}
{"message":"\u001b[0mPOST /nextrend/login/hashPw?userPW=dsadsa \u001b[32m200\u001b[0m 763.650 ms - 195\u001b[0m\n","level":"info"}
{"message":"\u001b[0mPOST /nextrend/login/hashPw?userPW=dsadsad \u001b[32m200\u001b[0m 833.802 ms - 195\u001b[0m\n","level":"info"}
{"message":"\u001b[0mGET /nextrend/user/get \u001b[36m304\u001b[0m 5.974 ms - -\u001b[0m\n","level":"info"}
{"message":"\u001b[0mGET /nextrend/user/get \u001b[36m304\u001b[0m 8.321 ms - -\u001b[0m\n","level":"info"}
{"message":"\u001b[0mGET /nextrend/user/get \u001b[36m304\u001b[0m 1.834 ms - -\u001b[0m\n","level":"info"}
{"message":"\u001b[0mPOST /nextrend/login/hashPw?userPW=123 \u001b[32m200\u001b[0m 629.278 ms - 195\u001b[0m\n","level":"info"}
{"message":"\u001b[0mPOST /nextrend/login/hashPw?userPW=a \u001b[32m200\u001b[0m 627.937 ms - 195\u001b[0m\n","level":"info"}
{"message":"\u001b[0mPOST /nextrend/login/hashPw?userPW=af \u001b[32m200\u001b[0m 709.281 ms - 195\u001b[0m\n","level":"info"}
{"message":"\u001b[0mPOST /nextrend/login/hashPw?userPW=afd \u001b[32m200\u001b[0m 789.906 ms - 195\u001b[0m\n","level":"info"}
{"message":"\u001b[0mPOST /nextrend/login/hashPw?userPW=afda \u001b[32m200\u001b[0m 716.069 ms - 195\u001b[0m\n","level":"info"}
{"message":"\u001b[0mPOST /nextrend/login/hashPw?userPW=afdas \u001b[32m200\u001b[0m 759.923 ms - 195\u001b[0m\n","level":"info"}
{"message":"\u001b[0mPOST /nextrend/login/hashPw?userPW=afdasf \u001b[32m200\u001b[0m 1146.273 ms - 195\u001b[0m\n","level":"info"}
{"message":"\u001b[0mPOST /nextrend/login/hashPw?userPW=afdasfd \u001b[32m200\u001b[0m 956.316 ms - 195\u001b[0m\n","level":"info"}
{"message":"\u001b[0mPOST /nextrend/login/hashPw?userPW=afdasfds \u001b[32m200\u001b[0m 762.903 ms - 195\u001b[0m\n","level":"info"}
{"message":"\u001b[0mPOST /nextrend/login/hashPw?userPW=afdasfdsa \u001b[32m200\u001b[0m 780.270 ms - 195\u001b[0m\n","level":"info"}
{"message":"\u001b[0mPOST /nextrend/login/hashPw?userPW=afdasfdsaf \u001b[32m200\u001b[0m 861.794 ms - 195\u001b[0m\n","level":"info"}
{"message":"\u001b[0mGET /nextrend/user/get \u001b[36m304\u001b[0m 5.862 ms - -\u001b[0m\n","level":"info"}
{"message":"\u001b[0mGET /nextrend/user/get \u001b[36m304\u001b[0m 6.272 ms - -\u001b[0m\n","level":"info"}
{"message":"\u001b[0mGET /nextrend/user/get \u001b[36m304\u001b[0m 10.419 ms - -\u001b[0m\n","level":"info"}
{"message":"\u001b[0mGET /nextrend/user/get \u001b[36m304\u001b[0m 10.871 ms - -\u001b[0m\n","level":"info"}
{"message":"\u001b[0mGET /nextrend/user/get \u001b[36m304\u001b[0m 1.837 ms - -\u001b[0m\n","level":"info"}
{"message":"\u001b[0mGET /nextrend/user/get \u001b[36m304\u001b[0m 6.509 ms - -\u001b[0m\n","level":"info"}
{"message":"\u001b[0mGET /nextrend/user/get \u001b[32m200\u001b[0m 6.196 ms - 1112\u001b[0m\n","level":"info"}
{"message":"\u001b[0mGET /nextrend/user/get \u001b[36m304\u001b[0m 5.834 ms - -\u001b[0m\n","level":"info"}
{"message":"\u001b[0mGET /nextrend/user/get \u001b[36m304\u001b[0m 6.119 ms - -\u001b[0m\n","level":"info"}
{"message":"\u001b[0mGET /nextrend/user/get \u001b[32m200\u001b[0m 7.343 ms - 1112\u001b[0m\n","level":"info"}
{"message":"\u001b[0mGET /nextrend/user/get \u001b[36m304\u001b[0m 7.006 ms - -\u001b[0m\n","level":"info"}
{"message":"\u001b[0mGET /nextrend/user/get \u001b[36m304\u001b[0m 2.248 ms - -\u001b[0m\n","level":"info"}
{"message":"\u001b[0mPOST /nextrend/user/modify?modify=%7B%22newuserID%22:%22admin%22,%22newuserPW%22:%22%22,%22newCompany%22:null,%22newPosition%22:null,%22newName%22:%22%EA%B4%80%EB%A6%AC%EC%9E%90%22,%22newEmail%22:%22admin%40gmail.com%22,%22newTel%22:%2201012341234%22%7D \u001b[31m500\u001b[0m 1.949 ms - 1880\u001b[0m\n","level":"info"}
{"message":"\u001b[0mGET /nextrend/user/get \u001b[36m304\u001b[0m 5.913 ms - -\u001b[0m\n","level":"info"}
{"message":"\u001b[0mGET /nextrend/user/get \u001b[36m304\u001b[0m 1.788 ms - -\u001b[0m\n","level":"info"}
{"message":"\u001b[0mPOST /nextrend/user/modify/?modify=%7B%22newuserID%22:%22test%22,%22newuserPW%22:%22%22,%22newCompany%22:%22%22,%22newPosition%22:%22%22,%22newName%22:%22test%22,%22newEmail%22:%22%22,%22newTel%22:%22%22%7D \u001b[31m500\u001b[0m 1.347 ms - 1880\u001b[0m\n","level":"info"}
{"message":"\u001b[0mGET /nextrend/user/get \u001b[36m304\u001b[0m 6.690 ms - -\u001b[0m\n","level":"info"}
{"message":"\u001b[0mPOST /nextrend/user/modify/?modify=%7B%22newuserID%22:%22admin%22,%22newuserPW%22:%22%22,%22newCompany%22:null,%22newPosition%22:null,%22newName%22:%22%EA%B4%80%EB%A6%AC%EC%9E%90%22,%22newEmail%22:%22admin%40gmail.com%22,%22newTel%22:%2201012341234%22%7D \u001b[31m500\u001b[0m 5.924 ms - 1880\u001b[0m\n","level":"info"}
{"message":"\u001b[0mPOST /nextrend/user/modify/?modify=%7B%22newuserID%22:%22admin%22,%22newuserPW%22:%22%22,%22newCompany%22:null,%22newPosition%22:null,%22newName%22:%22%EA%B4%80%EB%A6%AC%EC%9E%90%22,%22newEmail%22:%22admin%40gmail.com%22,%22newTel%22:%2201012341234%22%7D \u001b[31m500\u001b[0m 7.085 ms - 1880\u001b[0m\n","level":"info"}
{"message":"\u001b[0mGET /nextrend/user/get \u001b[36m304\u001b[0m 7.335 ms - -\u001b[0m\n","level":"info"}
{"message":"\u001b[0mPOST /nextrend/user/modify/ \u001b[31m500\u001b[0m 1.552 ms - 1880\u001b[0m\n","level":"info"}
{"message":"\u001b[0mGET /nextrend/user/get \u001b[36m304\u001b[0m 3.906 ms - -\u001b[0m\n","level":"info"}
{"message":"\u001b[0mPOST /nextrend/user/modify/ \u001b[31m500\u001b[0m 0.850 ms - 1880\u001b[0m\n","level":"info"}
{"message":"\u001b[0mPOST /nextrend/user/modify/ \u001b[31m500\u001b[0m 5.604 ms - 1880\u001b[0m\n","level":"info"}
{"message":"\u001b[0mGET /nextrend/user/get \u001b[36m304\u001b[0m 6.268 ms - -\u001b[0m\n","level":"info"}
{"message":"\u001b[0mPOST /nextrend/user/modify/ \u001b[31m500\u001b[0m 5.502 ms - 1880\u001b[0m\n","level":"info"}
{"message":"\u001b[0mGET /nextrend/user/get \u001b[36m304\u001b[0m 6.539 ms - -\u001b[0m\n","level":"info"}
{"message":"\u001b[0mPOST /nextrend/user/modify/ \u001b[31m500\u001b[0m 4.758 ms - 1880\u001b[0m\n","level":"info"}
{"message":"\u001b[0mPOST /nextrend/user/modify/ \u001b[31m500\u001b[0m 2.482 ms - 1880\u001b[0m\n","level":"info"}
{"message":"\u001b[0mPOST /nextrend/user/modify/ \u001b[31m500\u001b[0m 2.961 ms - 1880\u001b[0m\n","level":"info"}
{"message":"\u001b[0mGET /nextrend/user/get \u001b[36m304\u001b[0m 6.022 ms - -\u001b[0m\n","level":"info"}
{"message":"\u001b[0mPOST /nextrend/user/modify/ \u001b[31m500\u001b[0m 2.739 ms - 1880\u001b[0m\n","level":"info"}
{"message":"\u001b[0mGET /nextrend/user/get \u001b[36m304\u001b[0m 5.813 ms - -\u001b[0m\n","level":"info"}
{"message":"\u001b[0mGET /nextrend/user/get \u001b[36m304\u001b[0m 5.900 ms - -\u001b[0m\n","level":"info"}
{"message":"\u001b[0mGET /nextrend/user/get \u001b[36m304\u001b[0m 5.877 ms - -\u001b[0m\n","level":"info"}
{"message":"\u001b[0mGET /nextrend/user/get \u001b[36m304\u001b[0m 5.833 ms - -\u001b[0m\n","level":"info"}
{"message":"\u001b[0mGET /nextrend/user/get \u001b[36m304\u001b[0m 5.846 ms - -\u001b[0m\n","level":"info"}
{"message":"\u001b[0mPOST /nextrend/user/modify/ \u001b[32m200\u001b[0m 15.130 ms - 3\u001b[0m\n","level":"info"}
{"message":"\u001b[0mPOST /nextrend/login/hashPw/?userPW= \u001b[32m200\u001b[0m 629.829 ms - 195\u001b[0m\n","level":"info"}
{"message":"\u001b[0mPOST /nextrend/user/modify/ \u001b[32m200\u001b[0m 9.991 ms - 3\u001b[0m\n","level":"info"}
{"message":"\u001b[0mPOST /nextrend/login/hashPw/?userPW=nOov0M05kjTCXREH8ymJNoIecZnlVbLUREOSpqiMcr90Ncf%2FnsRQ%2B5MpI%2BHffKZt4E%2FTglDMTt7xr6oZ8abW7g%3D%3D \u001b[32m200\u001b[0m 629.043 ms - 195\u001b[0m\n","level":"info"}
{"message":"\u001b[0mGET /nextrend/user/get \u001b[32m200\u001b[0m 1.887 ms - 1112\u001b[0m\n","level":"info"}
{"message":"\u001b[0mPOST /nextrend/user/modify/ \u001b[32m200\u001b[0m 11.705 ms - 3\u001b[0m\n","level":"info"}
{"message":"\u001b[0mPOST /nextrend/login/hashPw/?userPW= \u001b[32m200\u001b[0m 628.619 ms - 195\u001b[0m\n","level":"info"}
{"message":"\u001b[0mGET /nextrend/user/get \u001b[32m200\u001b[0m 1.488 ms - 1024\u001b[0m\n","level":"info"}
{"message":"\u001b[0mGET /nextrend/user/get \u001b[32m200\u001b[0m 6.143 ms - 1024\u001b[0m\n","level":"info"}
{"message":"\u001b[0mGET /nextrend/user/get \u001b[36m304\u001b[0m 2.267 ms - -\u001b[0m\n","level":"info"}
{"message":"\u001b[0mGET /nextrend/user/get \u001b[36m304\u001b[0m 1.992 ms - -\u001b[0m\n","level":"info"}
{"message":"\u001b[0mGET /nextrend/user/get \u001b[36m304\u001b[0m 1.515 ms - -\u001b[0m\n","level":"info"}
{"message":"\u001b[0mPOST /nextrend/login/onLogin?userID=admin&userPW=123 \u001b[32m200\u001b[0m 634.258 ms - 38\u001b[0m\n","level":"info"}
{"message":"\u001b[0mGET /nextrend/user/get \u001b[36m304\u001b[0m 6.401 ms - -\u001b[0m\n","level":"info"}
{"message":"\u001b[0mGET /nextrend/user/get \u001b[36m304\u001b[0m 8.530 ms - -\u001b[0m\n","level":"info"}
{"message":"\u001b[0mGET /babel/parser/lib/index.js \u001b[33m404\u001b[0m 1.650 ms - 164\u001b[0m\n","level":"info"}
{"message":"\u001b[0mGET /nextrend/user/get \u001b[36m304\u001b[0m 7.541 ms - -\u001b[0m\n","level":"info"}
{"message":"\u001b[0mGET /nextrend/user/get \u001b[36m304\u001b[0m 2.011 ms - -\u001b[0m\n","level":"info"}
{"message":"\u001b[0mGET /nextrend/user/get \u001b[36m304\u001b[0m 2.537 ms - -\u001b[0m\n","level":"info"}
{"message":"\u001b[0mGET /nextrend/user/get \u001b[32m200\u001b[0m 6.727 ms - 1024\u001b[0m\n","level":"info"}
{"message":"\u001b[0mGET /nextrend/user/get \u001b[32m200\u001b[0m 7.957 ms - 1024\u001b[0m\n","level":"info"}
{"message":"\u001b[0mPOST /nextrend/user/modify/ \u001b[32m200\u001b[0m 16.512 ms - 3\u001b[0m\n","level":"info"}
{"message":"\u001b[0mPOST /nextrend/login/hashPw/?userPW=123 \u001b[32m200\u001b[0m 638.661 ms - 195\u001b[0m\n","level":"info"}
{"message":"\u001b[0mGET /nextrend/user/get \u001b[32m200\u001b[0m 5.916 ms - 1027\u001b[0m\n","level":"info"}
{"message":"\u001b[0mPOST /nextrend/login/hashPw/?userPW=123 \u001b[32m200\u001b[0m 627.389 ms - 195\u001b[0m\n","level":"info"}
{"message":"\u001b[0mPOST /nextrend/user/modify/ \u001b[32m200\u001b[0m 14.956 ms - 3\u001b[0m\n","level":"info"}
{"message":"\u001b[0mGET /nextrend/user/get \u001b[32m200\u001b[0m 2.754 ms - 1112\u001b[0m\n","level":"info"}
{"message":"\u001b[0mGET /nextrend/user/get \u001b[36m304\u001b[0m 7.537 ms - -\u001b[0m\n","level":"info"}
{"message":"\u001b[0mGET /nextrend/user/get \u001b[36m304\u001b[0m 5.879 ms - -\u001b[0m\n","level":"info"}
{"message":"\u001b[0mGET /nextrend/user/get \u001b[36m304\u001b[0m 1.934 ms - -\u001b[0m\n","level":"info"}
{"message":"\u001b[0mPOST /nextrend/login/hashPw/?userPW=456 \u001b[32m200\u001b[0m 635.273 ms - 195\u001b[0m\n","level":"info"}
{"message":"\u001b[0mPOST /nextrend/user/modify/ \u001b[32m200\u001b[0m 14.765 ms - 3\u001b[0m\n","level":"info"}
{"message":"\u001b[0mPOST /nextrend/login/hashPw/?userPW=456 \u001b[32m200\u001b[0m 627.757 ms - 195\u001b[0m\n","level":"info"}
{"message":"\u001b[0mPOST /nextrend/user/modify/ \u001b[32m200\u001b[0m 11.080 ms - 3\u001b[0m\n","level":"info"}
{"message":"\u001b[0mGET /nextrend/user/get \u001b[32m200\u001b[0m 6.411 ms - 1112\u001b[0m\n","level":"info"}
{"message":"\u001b[0mGET /nextrend/user/get \u001b[36m304\u001b[0m 1.780 ms - -\u001b[0m\n","level":"info"}
{"message":"\u001b[0mPOST /nextrend/login/hashPw/?userPW=456 \u001b[32m200\u001b[0m 627.674 ms - 195\u001b[0m\n","level":"info"}
{"message":"\u001b[0mPOST /nextrend/user/modify/ \u001b[32m200\u001b[0m 14.502 ms - 3\u001b[0m\n","level":"info"}
{"message":"\u001b[0mGET /nextrend/user/get \u001b[32m200\u001b[0m 6.450 ms - 1112\u001b[0m\n","level":"info"}
{"message":"\u001b[0mGET /nextrend/user/get \u001b[36m304\u001b[0m 5.808 ms - -\u001b[0m\n","level":"info"}
{"message":"\u001b[0mGET /nextrend/user/get \u001b[36m304\u001b[0m 1.895 ms - -\u001b[0m\n","level":"info"}
{"message":"\u001b[0mDELETE /nextrend/user/delete/ \u001b[33m404\u001b[0m 1.023 ms - 163\u001b[0m\n","level":"info"}
{"message":"\u001b[0mGET /nextrend/user/get \u001b[36m304\u001b[0m 9.950 ms - -\u001b[0m\n","level":"info"}
{"message":"\u001b[0mPOST /nextrend/user/delete/ \u001b[32m200\u001b[0m 0.852 ms - 2\u001b[0m\n","level":"info"}
{"message":"\u001b[0mGET /nextrend/user/get \u001b[32m200\u001b[0m 8.246 ms - 767\u001b[0m\n","level":"info"}
{"message":"\u001b[0mGET /nextrend/user/get \u001b[36m304\u001b[0m 1.910 ms - -\u001b[0m\n","level":"info"}
{"message":"\u001b[0mGET /babel/parser/lib/index.js \u001b[33m404\u001b[0m 1.833 ms - 164\u001b[0m\n","level":"info"}
{"message":"\u001b[0mGET /nextrend/user/get \u001b[36m304\u001b[0m 5.236 ms - -\u001b[0m\n","level":"info"}
{"message":"\u001b[0mGET /babel/parser/lib/index.js \u001b[33m404\u001b[0m 1.557 ms - 164\u001b[0m\n","level":"info"}
{"message":"\u001b[0mGET /nextrend/user/get \u001b[36m304\u001b[0m 6.178 ms - -\u001b[0m\n","level":"info"}
{"message":"\u001b[0mGET /nextrend/user/get \u001b[36m304\u001b[0m 6.120 ms - -\u001b[0m\n","level":"info"}
{"message":"\u001b[0mGET /nextrend/user/get \u001b[36m304\u001b[0m 6.093 ms - -\u001b[0m\n","level":"info"}
{"message":"\u001b[0mGET /nextrend/user/get \u001b[36m304\u001b[0m 5.778 ms - -\u001b[0m\n","level":"info"}
{"message":"\u001b[0mGET /nextrend/user/get \u001b[36m304\u001b[0m 1.735 ms - -\u001b[0m\n","level":"info"}
{"message":"\u001b[0mGET /nextrend/user/get \u001b[36m304\u001b[0m 5.771 ms - -\u001b[0m\n","level":"info"}
{"message":"\u001b[0mPOST /nextrend/user/add/ \u001b[32m200\u001b[0m 14.920 ms - 180\u001b[0m\n","level":"info"}
{"message":"\u001b[0mGET /nextrend/user/get \u001b[32m200\u001b[0m 4.850 ms - 992\u001b[0m\n","level":"info"}
{"message":"\u001b[0mPOST /nextrend/login/hashPw/?userPW=123 \u001b[32m200\u001b[0m 630.756 ms - 195\u001b[0m\n","level":"info"}
{"message":"\u001b[0mPOST /nextrend/user/modify/ \u001b[32m200\u001b[0m 14.560 ms - 3\u001b[0m\n","level":"info"}
{"message":"\u001b[0mGET /nextrend/user/get \u001b[32m200\u001b[0m 7.125 ms - 1163\u001b[0m\n","level":"info"}
{"message":"\u001b[0mPOST /nextrend/login/hashPw/?userPW=123 \u001b[32m200\u001b[0m 627.592 ms - 195\u001b[0m\n","level":"info"}
{"message":"\u001b[0mPOST /nextrend/user/modify/ \u001b[32m200\u001b[0m 12.118 ms - 3\u001b[0m\n","level":"info"}
{"message":"\u001b[0mGET /nextrend/user/get \u001b[32m200\u001b[0m 2.425 ms - 1163\u001b[0m\n","level":"info"}
{"message":"\u001b[0mPOST /nextrend/login/hashPw/?userPW=123 \u001b[32m200\u001b[0m 631.709 ms - 195\u001b[0m\n","level":"info"}
{"message":"\u001b[0mPOST /nextrend/user/modify/ \u001b[32m200\u001b[0m 10.555 ms - 3\u001b[0m\n","level":"info"}
{"message":"\u001b[0mGET /nextrend/user/get \u001b[32m200\u001b[0m 1.574 ms - 1163\u001b[0m\n","level":"info"}
{"message":"\u001b[0mPOST /nextrend/user/add/ \u001b[32m200\u001b[0m 11.820 ms - 60\u001b[0m\n","level":"info"}
{"message":"\u001b[0mGET /nextrend/user/get \u001b[32m200\u001b[0m 1.949 ms - 1335\u001b[0m\n","level":"info"}
{"message":"\u001b[0mPOST /nextrend/user/delete/ \u001b[32m200\u001b[0m 0.584 ms - 2\u001b[0m\n","level":"info"}
{"message":"\u001b[0mGET /nextrend/user/get \u001b[32m200\u001b[0m 1.347 ms - 767\u001b[0m\n","level":"info"}
{"message":"\u001b[0mGET /nextrend/user/get \u001b[36m304\u001b[0m 6.106 ms - -\u001b[0m\n","level":"info"}
{"message":"\u001b[0mGET /nextrend/user/get \u001b[36m304\u001b[0m 6.114 ms - -\u001b[0m\n","level":"info"}
{"message":"\u001b[0mGET /nextrend/user/get \u001b[36m304\u001b[0m 1.658 ms - -\u001b[0m\n","level":"info"}
{"message":"\u001b[0mPOST /nextrend/user/add/ \u001b[32m200\u001b[0m 13.579 ms - 60\u001b[0m\n","level":"info"}
{"message":"\u001b[0mGET /nextrend/user/get \u001b[32m200\u001b[0m 1.337 ms - 939\u001b[0m\n","level":"info"}
{"message":"\u001b[0mGET /nextrend/user/get \u001b[32m200\u001b[0m 6.472 ms - 939\u001b[0m\n","level":"info"}
{"message":"\u001b[0mPOST /nextrend/user/add/ \u001b[32m200\u001b[0m 10.867 ms - 60\u001b[0m\n","level":"info"}
{"message":"\u001b[0mGET /nextrend/user/get \u001b[32m200\u001b[0m 1.980 ms - 1111\u001b[0m\n","level":"info"}
{"message":"\u001b[0mPOST /nextrend/user/delete/ \u001b[32m200\u001b[0m 0.691 ms - 2\u001b[0m\n","level":"info"}
{"message":"\u001b[0mGET /nextrend/user/get \u001b[32m200\u001b[0m 1.359 ms - 767\u001b[0m\n","level":"info"}
{"message":"\u001b[0mPOST /nextrend/user/add/ \u001b[32m200\u001b[0m 9.752 ms - 60\u001b[0m\n","level":"info"}
{"message":"\u001b[0mGET /nextrend/user/get \u001b[32m200\u001b[0m 2.480 ms - 939\u001b[0m\n","level":"info"}
{"message":"\u001b[0mPOST /nextrend/user/add/ \u001b[32m200\u001b[0m 6.443 ms - 60\u001b[0m\n","level":"info"}
{"message":"\u001b[0mGET /nextrend/user/get \u001b[32m200\u001b[0m 1.445 ms - 1111\u001b[0m\n","level":"info"}
{"message":"\u001b[0mGET /nextrend/user/get \u001b[32m200\u001b[0m 4.024 ms - 1112\u001b[0m\n","level":"info"}
{"message":"\u001b[0mPOST /nextrend/login/onLogin?userID=admin&userPW=123 \u001b[32m200\u001b[0m 6.913 ms - 332\u001b[0m\n","level":"info"}
{"message":"\u001b[0mPOST /nextrend/login/onLogin?userID=admin&userPW=123 \u001b[32m200\u001b[0m 7.943 ms - 332\u001b[0m\n","level":"info"}
{"message":"\u001b[0mPOST /nextrend/login/onLogin?userID=admin&userPW=123 \u001b[32m200\u001b[0m 7.761 ms - 332\u001b[0m\n","level":"info"}
{"message":"\u001b[0mPOST /nextrend/login/onLogin?userID=admin&userPW=123 \u001b[32m200\u001b[0m 1.634 ms - 332\u001b[0m\n","level":"info"}
{"message":"\u001b[0mPOST /nextrend/login/onLogin?userID=admin&userPW=123 \u001b[32m200\u001b[0m 1.168 ms - 332\u001b[0m\n","level":"info"}
{"message":"\u001b[0mPOST /nextrend/login/onLogin?userID=admin&userPW=123 \u001b[32m200\u001b[0m 0.991 ms - 332\u001b[0m\n","level":"info"}
{"message":"\u001b[0mPOST /nextrend/login/onLogin?userID=admin&userPW=123 \u001b[32m200\u001b[0m 1.083 ms - 332\u001b[0m\n","level":"info"}
{"message":"\u001b[0mPOST /nextrend/login/onLogin?userID=admin&userPW=123 \u001b[32m200\u001b[0m 1.035 ms - 332\u001b[0m\n","level":"info"}
{"message":"\u001b[0mPOST /nextrend/login/onLogin?userID=admin&userPW=123 \u001b[32m200\u001b[0m 1.043 ms - 332\u001b[0m\n","level":"info"}
{"message":"\u001b[0mPOST /nextrend/login/onLogin?userID=admin&userPW=123 \u001b[0m-\u001b[0m - ms - -\u001b[0m\n","level":"info"}
{"message":"\u001b[0mPOST /nextrend/login/onLogin?userID=admin&userPW=123 \u001b[32m200\u001b[0m 1.592 ms - 332\u001b[0m\n","level":"info"}
{"message":"\u001b[0mPOST /nextrend/login/onLogin?userID=admin&userPW=123 \u001b[32m200\u001b[0m 634.477 ms - 38\u001b[0m\n","level":"info"}
{"message":"\u001b[0mGET /nextrend/user/get \u001b[32m200\u001b[0m 6.865 ms - 1118\u001b[0m\n","level":"info"}
{"message":"\u001b[0mPOST /nextrend/user/add/ \u001b[32m200\u001b[0m 11.745 ms - 70\u001b[0m\n","level":"info"}
{"message":"\u001b[0mPOST /nextrend/user/add/ \u001b[0m-\u001b[0m - ms - -\u001b[0m\n","level":"info"}
{"message":"\u001b[0mPOST /nextrend/user/add/ \u001b[0m-\u001b[0m - ms - -\u001b[0m\n","level":"info"}
{"message":"\u001b[0mGET /nextrend/user/get \u001b[32m200\u001b[0m 1.861 ms - 1293\u001b[0m\n","level":"info"}
{"message":"\u001b[0mPOST /nextrend/user/delete/ \u001b[32m200\u001b[0m 0.821 ms - 2\u001b[0m\n","level":"info"}
{"message":"\u001b[0mGET /nextrend/user/get \u001b[32m200\u001b[0m 1.720 ms - 1118\u001b[0m\n","level":"info"}
{"message":"\u001b[0mGET /nextrend/categorys/ \u001b[32m200\u001b[0m 3.822 ms - 5914\u001b[0m\n","level":"info"}
{"message":"\u001b[0mGET /nextrend/categorys/ \u001b[36m304\u001b[0m 2.364 ms - -\u001b[0m\n","level":"info"}
{"message":"\u001b[0mGET /nextrend/categorys/ \u001b[36m304\u001b[0m 3.120 ms - -\u001b[0m\n","level":"info"}
{"message":"\u001b[0mPOST /nextrend/login/onLogin?userID=admin&userPW=123 \u001b[32m200\u001b[0m 639.027 ms - 38\u001b[0m\n","level":"info"}
{"message":"\u001b[0mGET /nextrend/user/get \u001b[36m304\u001b[0m 6.237 ms - -\u001b[0m\n","level":"info"}
{"message":"\u001b[0mGET /nextrend/user/get \u001b[36m304\u001b[0m 1.508 ms - -\u001b[0m\n","level":"info"}
{"message":"\u001b[0mGET /nextrend/user/get \u001b[36m304\u001b[0m 3.587 ms - -\u001b[0m\n","level":"info"}
{"message":"\u001b[0mPOST /nextrend/login/onLogin?userID=admin&userPW=123 \u001b[32m200\u001b[0m 7.854 ms - 332\u001b[0m\n","level":"info"}
{"message":"\u001b[0mPOST /nextrend/login/onLogin?userID=admin&userPW=123 \u001b[32m200\u001b[0m 635.057 ms - 38\u001b[0m\n","level":"info"}
{"message":"\u001b[0mGET /nextrend/user/get \u001b[36m304\u001b[0m 7.458 ms - -\u001b[0m\n","level":"info"}
{"message":"\u001b[0mGET /nextrend/categorys/ \u001b[36m304\u001b[0m 3.219 ms - -\u001b[0m\n","level":"info"}
{"message":"\u001b[0mGET /nextrend/categorys/ \u001b[36m304\u001b[0m 2.775 ms - -\u001b[0m\n","level":"info"}
{"message":"\u001b[0mGET /nextrend/categorys/ \u001b[36m304\u001b[0m 4.479 ms - -\u001b[0m\n","level":"info"}
{"message":"\u001b[0mPOST /nextrend/login/onLogin?userID=admin&userPW=123 \u001b[32m200\u001b[0m 636.271 ms - 38\u001b[0m\n","level":"info"}
{"message":"\u001b[0mGET /nextrend/user/get \u001b[36m304\u001b[0m 6.590 ms - -\u001b[0m\n","level":"info"}
{"message":"\u001b[0mGET /nextrend/categorys/ \u001b[32m200\u001b[0m 3.246 ms - 5914\u001b[0m\n","level":"info"}
{"message":"\u001b[0mGET /nextrend/categorys/ \u001b[36m304\u001b[0m 2.960 ms - -\u001b[0m\n","level":"info"}
{"message":"\u001b[0mGET /nextrend/categorys/ \u001b[36m304\u001b[0m 3.099 ms - -\u001b[0m\n","level":"info"}
{"message":"\u001b[0mGET /nextrend/categorys/ \u001b[36m304\u001b[0m 2.128 ms - -\u001b[0m\n","level":"info"}
{"message":"\u001b[0mGET /nextrend/user/get \u001b[36m304\u001b[0m 2.650 ms - -\u001b[0m\n","level":"info"}
{"message":"\u001b[0mGET /nextrend/user/get \u001b[36m304\u001b[0m 1.629 ms - -\u001b[0m\n","level":"info"}
{"message":"\u001b[0mGET /nextrend/categorys/ \u001b[36m304\u001b[0m 1.658 ms - -\u001b[0m\n","level":"info"}
{"message":"\u001b[0mGET /nextrend/user/get \u001b[36m304\u001b[0m 1.752 ms - -\u001b[0m\n","level":"info"}
{"message":"\u001b[0mGET /nextrend/categorys/ \u001b[36m304\u001b[0m 1.802 ms - -\u001b[0m\n","level":"info"}
{"message":"\u001b[0mGET /nextrend/categorys/ \u001b[36m304\u001b[0m 2.006 ms - -\u001b[0m\n","level":"info"}
{"message":"\u001b[0mGET /nextrend/categorys/ \u001b[36m304\u001b[0m 1.697 ms - -\u001b[0m\n","level":"info"}
{"message":"\u001b[0mGET /nextrend/user/get \u001b[36m304\u001b[0m 1.284 ms - -\u001b[0m\n","level":"info"}
{"message":"\u001b[0mGET /nextrend/user/get \u001b[36m304\u001b[0m 1.226 ms - -\u001b[0m\n","level":"info"}
{"message":"\u001b[0mGET /nextrend/categorys/ \u001b[36m304\u001b[0m 1.983 ms - -\u001b[0m\n","level":"info"}
{"message":"\u001b[0mGET /nextrend/user/get \u001b[36m304\u001b[0m 2.694 ms - -\u001b[0m\n","level":"info"}
{"message":"\u001b[0mGET /nextrend/user/get \u001b[36m304\u001b[0m 2.751 ms - -\u001b[0m\n","level":"info"}
{"message":"\u001b[0mGET /nextrend/categorys/ \u001b[36m304\u001b[0m 2.217 ms - -\u001b[0m\n","level":"info"}
{"message":"\u001b[0mPOST /nextrend/login/onLogin?userID=admin&userPW=123 \u001b[32m200\u001b[0m 636.596 ms - 38\u001b[0m\n","level":"info"}
{"message":"\u001b[0mGET /nextrend/user/get \u001b[36m304\u001b[0m 7.037 ms - -\u001b[0m\n","level":"info"}
{"message":"\u001b[0mGET /nextrend/categorys/ \u001b[36m304\u001b[0m 3.269 ms - -\u001b[0m\n","level":"info"}
{"message":"\u001b[0mGET /nextrend/categorys/ \u001b[36m304\u001b[0m 2.650 ms - -\u001b[0m\n","level":"info"}
{"message":"\u001b[0mGET /nextrend/categorys/ \u001b[36m304\u001b[0m 3.390 ms - -\u001b[0m\n","level":"info"}
{"message":"\u001b[0mGET /nextrend/categorys/ \u001b[36m304\u001b[0m 2.230 ms - -\u001b[0m\n","level":"info"}
{"message":"\u001b[0mGET /nextrend/categorys/ \u001b[36m304\u001b[0m 1.862 ms - -\u001b[0m\n","level":"info"}
{"message":"\u001b[0mGET /nextrend/categorys/ \u001b[36m304\u001b[0m 1.741 ms - -\u001b[0m\n","level":"info"}
{"message":"\u001b[0mGET /nextrend/user/get \u001b[36m304\u001b[0m 3.046 ms - -\u001b[0m\n","level":"info"}
{"message":"\u001b[0mPOST /nextrend/user/add/ \u001b[0m-\u001b[0m - ms - -\u001b[0m\n","level":"info"}
{"message":"\u001b[0mPOST /nextrend/user/add/ \u001b[0m-\u001b[0m - ms - -\u001b[0m\n","level":"info"}
{"message":"\u001b[0mPOST /nextrend/login/onLogin?userID=admin&userPW=123 \u001b[32m200\u001b[0m 641.848 ms - 38\u001b[0m\n","level":"info"}
{"message":"\u001b[0mGET /nextrend/categorys/ \u001b[36m304\u001b[0m 10.344 ms - -\u001b[0m\n","level":"info"}
{"message":"\u001b[0mGET /nextrend/user/get \u001b[36m304\u001b[0m 7.053 ms - -\u001b[0m\n","level":"info"}
{"message":"\u001b[0mGET /nextrend/categorys/ \u001b[36m304\u001b[0m 2.951 ms - -\u001b[0m\n","level":"info"}
{"message":"\u001b[0mGET /nextrend/categorys/ \u001b[36m304\u001b[0m 3.091 ms - -\u001b[0m\n","level":"info"}
{"message":"\u001b[0mGET /nextrend/user/get \u001b[36m304\u001b[0m 3.427 ms - -\u001b[0m\n","level":"info"}
{"message":"\u001b[0mGET /nextrend/categorys/ \u001b[36m304\u001b[0m 2.117 ms - -\u001b[0m\n","level":"info"}
{"message":"\u001b[0mGET /nextrend/user/get \u001b[36m304\u001b[0m 3.714 ms - -\u001b[0m\n","level":"info"}
{"message":"\u001b[0mPOST /nextrend/login/hashPw/?userPW=123 \u001b[32m200\u001b[0m 628.618 ms - 195\u001b[0m\n","level":"info"}
{"message":"\u001b[0mPOST /nextrend/user/modify/ \u001b[32m200\u001b[0m 15.089 ms - 3\u001b[0m\n","level":"info"}
{"message":"\u001b[0mGET /nextrend/user/get \u001b[32m200\u001b[0m 1.392 ms - 1118\u001b[0m\n","level":"info"}
{"message":"\u001b[0mGET /nextrend/user/get \u001b[36m304\u001b[0m 6.037 ms - -\u001b[0m\n","level":"info"}
{"message":"\u001b[0mGET /nextrend/categorys/ \u001b[36m304\u001b[0m 7.100 ms - -\u001b[0m\n","level":"info"}
{"message":"\u001b[0mGET /nextrend/categorys/ \u001b[36m304\u001b[0m 8.739 ms - -\u001b[0m\n","level":"info"}
{"message":"\u001b[0mGET /nextrend/categorys/ \u001b[36m304\u001b[0m 8.711 ms - -\u001b[0m\n","level":"info"}
{"message":"\u001b[0mGET /nextrend/categorys/ \u001b[36m304\u001b[0m 8.586 ms - -\u001b[0m\n","level":"info"}
{"message":"\u001b[0mGET /nextrend/categorys/ \u001b[36m304\u001b[0m 8.633 ms - -\u001b[0m\n","level":"info"}
{"message":"\u001b[0mGET /nextrend/categorys/ \u001b[32m200\u001b[0m 10.017 ms - 5914\u001b[0m\n","level":"info"}
{"message":"\u001b[0mGET /nextrend/categorys/ \u001b[36m304\u001b[0m 3.151 ms - -\u001b[0m\n","level":"info"}
{"message":"\u001b[0mGET /nextrend/categorys/ \u001b[36m304\u001b[0m 2.494 ms - -\u001b[0m\n","level":"info"}
{"message":"\u001b[0mGET /nextrend/categorys/ \u001b[32m200\u001b[0m 9.574 ms - 5914\u001b[0m\n","level":"info"}
{"message":"\u001b[0mGET /nextrend/categorys/ \u001b[32m200\u001b[0m 8.922 ms - 5914\u001b[0m\n","level":"info"}
{"message":"\u001b[0mGET /nextrend/categorys/ \u001b[32m200\u001b[0m 10.562 ms - 5914\u001b[0m\n","level":"info"}
{"message":"\u001b[0mGET /nextrend/categorys/ \u001b[32m200\u001b[0m 12.100 ms - 5914\u001b[0m\n","level":"info"}
{"message":"\u001b[0mGET /nextrend/categorys/ \u001b[32m200\u001b[0m 8.942 ms - 5914\u001b[0m\n","level":"info"}
{"message":"\u001b[0mGET /nextrend/categorys/ \u001b[32m200\u001b[0m 9.254 ms - 5914\u001b[0m\n","level":"info"}
{"message":"\u001b[0mGET /nextrend/categorys/ \u001b[32m200\u001b[0m 9.230 ms - 5914\u001b[0m\n","level":"info"}
{"message":"\u001b[0mGET /nextrend/user/get \u001b[36m304\u001b[0m 6.297 ms - -\u001b[0m\n","level":"info"}
{"message":"\u001b[0mGET /nextrend/categorys/ \u001b[36m304\u001b[0m 3.049 ms - -\u001b[0m\n","level":"info"}
{"message":"\u001b[0mPOST /nextrend/login/onLogin?userID=admin&userPW=123 \u001b[32m200\u001b[0m 635.466 ms - 38\u001b[0m\n","level":"info"}
{"message":"\u001b[0mPOST /nextrend/login/onLogin?userID=admin&userPW=123 \u001b[32m200\u001b[0m 648.492 ms - 38\u001b[0m\n","level":"info"}
{"message":"\u001b[0mGET /nextrend/categorys/ \u001b[36m304\u001b[0m 4.387 ms - -\u001b[0m\n","level":"info"}
{"message":"\u001b[0mGET /nextrend/categorys/ \u001b[36m304\u001b[0m 8.670 ms - -\u001b[0m\n","level":"info"}
{"message":"\u001b[0mGET /nextrend/categorys/ \u001b[36m304\u001b[0m 8.057 ms - -\u001b[0m\n","level":"info"}
{"message":"\u001b[0mGET /nextrend/categorys/ \u001b[32m200\u001b[0m 9.384 ms - 5914\u001b[0m\n","level":"info"}
{"message":"\u001b[0mGET /nextrend/categorys/ \u001b[36m304\u001b[0m 3.520 ms - -\u001b[0m\n","level":"info"}
{"message":"\u001b[0mGET /nextrend/categorys/ \u001b[32m200\u001b[0m 8.638 ms - 5914\u001b[0m\n","level":"info"}
{"message":"\u001b[0mGET /nextrend/categorys/ \u001b[36m304\u001b[0m 3.469 ms - -\u001b[0m\n","level":"info"}
{"message":"\u001b[0mGET /nextrend/categorys/ \u001b[36m304\u001b[0m 9.113 ms - -\u001b[0m\n","level":"info"}
{"message":"\u001b[0mGET /nextrend/categorys/ \u001b[32m200\u001b[0m 9.925 ms - 5914\u001b[0m\n","level":"info"}
{"message":"\u001b[0mGET /nextrend/categorys/ \u001b[36m304\u001b[0m 3.316 ms - -\u001b[0m\n","level":"info"}
{"message":"\u001b[0mGET /nextrend/categorys/ \u001b[32m200\u001b[0m 9.313 ms - 5914\u001b[0m\n","level":"info"}
{"message":"\u001b[0mGET /nextrend/categorys/ \u001b[36m304\u001b[0m 8.473 ms - -\u001b[0m\n","level":"info"}
{"message":"\u001b[0mGET /nextrend/categorys/ \u001b[36m304\u001b[0m 9.002 ms - -\u001b[0m\n","level":"info"}
{"message":"\u001b[0mPOST /nextrend/login/onLogin?userID=admin&userPW=123 \u001b[32m200\u001b[0m 639.213 ms - 38\u001b[0m\n","level":"info"}
{"message":"\u001b[0mGET /nextrend/categorys/ \u001b[36m304\u001b[0m 4.270 ms - -\u001b[0m\n","level":"info"}
{"message":"\u001b[0mGET /nextrend/user/get \u001b[36m304\u001b[0m 6.703 ms - -\u001b[0m\n","level":"info"}
{"message":"\u001b[0mGET /nextrend/user/get \u001b[32m200\u001b[0m 8.210 ms - 1118\u001b[0m\n","level":"info"}
{"message":"\u001b[0mGET /nextrend/user/get \u001b[32m200\u001b[0m 3.125 ms - 1118\u001b[0m\n","level":"info"}
{"message":"\u001b[0mPOST /nextrend/login/onLogin?userID=admin&userPW=123 \u001b[32m200\u001b[0m 636.925 ms - 38\u001b[0m\n","level":"info"}
{"message":"\u001b[0mGET /nextrend/categorys/ \u001b[32m200\u001b[0m 4.803 ms - 5914\u001b[0m\n","level":"info"}
{"message":"\u001b[0mGET /nextrend/categorys/ \u001b[36m304\u001b[0m 2.377 ms - -\u001b[0m\n","level":"info"}
{"message":"\u001b[0mGET /nextrend/categorys/ \u001b[36m304\u001b[0m 4.185 ms - -\u001b[0m\n","level":"info"}
{"message":"\u001b[0mGET /nextrend/categorys/ \u001b[36m304\u001b[0m 2.289 ms - -\u001b[0m\n","level":"info"}
{"message":"\u001b[0mGET /nextrend/categorys/ \u001b[36m304\u001b[0m 1.841 ms - -\u001b[0m\n","level":"info"}
{"message":"\u001b[0mGET /nextrend/categorys/ \u001b[36m304\u001b[0m 13.937 ms - -\u001b[0m\n","level":"info"}
{"message":"\u001b[0mGET /nextrend/categorys/ \u001b[36m304\u001b[0m 3.032 ms - -\u001b[0m\n","level":"info"}
{"message":"\u001b[0mGET /nextrend/categorys/ \u001b[32m200\u001b[0m 8.979 ms - 5914\u001b[0m\n","level":"info"}
{"message":"\u001b[0mGET /nextrend/categorys/ \u001b[36m304\u001b[0m 3.173 ms - -\u001b[0m\n","level":"info"}
{"message":"\u001b[0mGET /nextrend/categorys/ \u001b[36m304\u001b[0m 8.402 ms - -\u001b[0m\n","level":"info"}
{"message":"\u001b[0mGET /nextrend/categorys/ \u001b[36m304\u001b[0m 9.408 ms - -\u001b[0m\n","level":"info"}
{"message":"\u001b[0mGET /nextrend/categorys/ \u001b[36m304\u001b[0m 8.729 ms - -\u001b[0m\n","level":"info"}
{"message":"\u001b[0mGET /nextrend/categorys/ \u001b[32m200\u001b[0m 9.524 ms - 5914\u001b[0m\n","level":"info"}
{"message":"\u001b[0mGET /nextrend/categorys/ \u001b[36m304\u001b[0m 8.520 ms - -\u001b[0m\n","level":"info"}
{"message":"\u001b[0mGET /nextrend/categorys/ \u001b[36m304\u001b[0m 3.031 ms - -\u001b[0m\n","level":"info"}
{"message":"\u001b[0mGET /nextrend/categorys/ \u001b[36m304\u001b[0m 2.568 ms - -\u001b[0m\n","level":"info"}
{"message":"\u001b[0mGET /nextrend/categorys/ \u001b[36m304\u001b[0m 8.332 ms - -\u001b[0m\n","level":"info"}
{"message":"\u001b[0mGET /nextrend/categorys/ \u001b[36m304\u001b[0m 3.116 ms - -\u001b[0m\n","level":"info"}
{"message":"\u001b[0mGET /nextrend/categorys/ \u001b[32m200\u001b[0m 9.248 ms - 5914\u001b[0m\n","level":"info"}
{"message":"\u001b[0mGET /nextrend/categorys/ \u001b[36m304\u001b[0m 11.060 ms - -\u001b[0m\n","level":"info"}
{"message":"\u001b[0mGET /nextrend/categorys/ \u001b[36m304\u001b[0m 2.996 ms - -\u001b[0m\n","level":"info"}
{"message":"\u001b[0mGET /nextrend/categorys/ \u001b[36m304\u001b[0m 10.755 ms - -\u001b[0m\n","level":"info"}
{"message":"\u001b[0mGET /nextrend/categorys/ \u001b[36m304\u001b[0m 9.105 ms - -\u001b[0m\n","level":"info"}
{"message":"\u001b[0mGET /nextrend/categorys/ \u001b[36m304\u001b[0m 3.498 ms - -\u001b[0m\n","level":"info"}
{"message":"\u001b[0mGET /nextrend/categorys/ \u001b[32m200\u001b[0m 10.522 ms - 5914\u001b[0m\n","level":"info"}
{"message":"\u001b[0mGET /nextrend/categorys/ \u001b[36m304\u001b[0m 9.893 ms - -\u001b[0m\n","level":"info"}
{"message":"\u001b[0mGET /nextrend/categorys/ \u001b[36m304\u001b[0m 8.775 ms - -\u001b[0m\n","level":"info"}
{"message":"\u001b[0mGET /nextrend/categorys/ \u001b[36m304\u001b[0m 8.413 ms - -\u001b[0m\n","level":"info"}
{"message":"\u001b[0mGET /nextrend/categorys/ \u001b[32m200\u001b[0m 9.510 ms - 5914\u001b[0m\n","level":"info"}
{"message":"\u001b[0mGET /nextrend/categorys/ \u001b[36m304\u001b[0m 9.537 ms - -\u001b[0m\n","level":"info"}
{"message":"\u001b[0mGET /nextrend/categorys/ \u001b[36m304\u001b[0m 3.660 ms - -\u001b[0m\n","level":"info"}
{"message":"\u001b[0mGET /nextrend/categorys/ \u001b[36m304\u001b[0m 3.415 ms - -\u001b[0m\n","level":"info"}
{"message":"\u001b[0mGET /nextrend/categorys/ \u001b[36m304\u001b[0m 5.384 ms - -\u001b[0m\n","level":"info"}
{"message":"\u001b[0mGET /nextrend/categorys/ \u001b[36m304\u001b[0m 2.103 ms - -\u001b[0m\n","level":"info"}
{"message":"\u001b[0mPOST /nextrend/login/onLogin?userID=admin&userPW=123 \u001b[32m200\u001b[0m 644.122 ms - 38\u001b[0m\n","level":"info"}
{"message":"\u001b[0mGET /nextrend/categorys/ \u001b[32m200\u001b[0m 12.169 ms - 5914\u001b[0m\n","level":"info"}
{"message":"\u001b[0mGET /nextrend/user/get \u001b[32m200\u001b[0m 6.600 ms - 1118\u001b[0m\n","level":"info"}
{"message":"\u001b[0mGET /nextrend/categorys/ \u001b[36m304\u001b[0m 2.889 ms - -\u001b[0m\n","level":"info"}
{"message":"\u001b[0mGET /nextrend/categorys/ \u001b[36m304\u001b[0m 3.156 ms - -\u001b[0m\n","level":"info"}
{"message":"\u001b[0mGET /nextrend/user/get \u001b[36m304\u001b[0m 3.142 ms - -\u001b[0m\n","level":"info"}
{"message":"\u001b[0mGET /nextrend/categorys/ \u001b[36m304\u001b[0m 3.124 ms - -\u001b[0m\n","level":"info"}
{"message":"\u001b[0mGET /nextrend/user/get \u001b[36m304\u001b[0m 2.709 ms - -\u001b[0m\n","level":"info"}
{"message":"\u001b[0mGET /nextrend/categorys/ \u001b[36m304\u001b[0m 1.927 ms - -\u001b[0m\n","level":"info"}
{"message":"\u001b[0mGET /nextrend/categorys/ \u001b[36m304\u001b[0m 2.399 ms - -\u001b[0m\n","level":"info"}
{"message":"\u001b[0mGET /nextrend/categorys/ \u001b[36m304\u001b[0m 1.755 ms - -\u001b[0m\n","level":"info"}
{"message":"\u001b[0mGET /nextrend/user/get \u001b[36m304\u001b[0m 2.838 ms - -\u001b[0m\n","level":"info"}
{"message":"\u001b[0mGET /nextrend/user/get \u001b[36m304\u001b[0m 2.943 ms - -\u001b[0m\n","level":"info"}
{"message":"\u001b[0mPOST /nextrend/login/onLogin?userID=admin&userPW=123 \u001b[32m200\u001b[0m 637.142 ms - 38\u001b[0m\n","level":"info"}
{"message":"\u001b[0mGET /nextrend/user/get \u001b[32m200\u001b[0m 7.545 ms - 1118\u001b[0m\n","level":"info"}
{"message":"\u001b[0mGET /nextrend/categorys/ \u001b[32m200\u001b[0m 3.420 ms - 5914\u001b[0m\n","level":"info"}
{"message":"\u001b[0mGET /nextrend/categorys/ \u001b[36m304\u001b[0m 3.415 ms - -\u001b[0m\n","level":"info"}
{"message":"\u001b[0mGET /nextrend/categorys/ \u001b[36m304\u001b[0m 3.126 ms - -\u001b[0m\n","level":"info"}
{"message":"\u001b[0mGET /nextrend/user/get \u001b[36m304\u001b[0m 2.767 ms - -\u001b[0m\n","level":"info"}
{"message":"\u001b[0mGET /nextrend/user/get \u001b[36m304\u001b[0m 1.348 ms - -\u001b[0m\n","level":"info"}
{"message":"\u001b[0mGET /nextrend/categorys/ \u001b[36m304\u001b[0m 2.253 ms - -\u001b[0m\n","level":"info"}
{"message":"\u001b[0mGET /nextrend/user/get \u001b[36m304\u001b[0m 2.417 ms - -\u001b[0m\n","level":"info"}
{"message":"\u001b[0mGET /nextrend/user/get \u001b[36m304\u001b[0m 1.820 ms - -\u001b[0m\n","level":"info"}
{"message":"\u001b[0mGET /nextrend/categorys/ \u001b[36m304\u001b[0m 1.660 ms - -\u001b[0m\n","level":"info"}
{"message":"\u001b[0mGET / \u001b[33m404\u001b[0m 1.136 ms - 139\u001b[0m\n","level":"info"}
{"message":"\u001b[0mPOST /nextrend/login/onLogin?userID=admin&userPW=123 \u001b[32m200\u001b[0m 637.642 ms - 38\u001b[0m\n","level":"info"}
{"message":"\u001b[0mGET /nextrend/user/get \u001b[32m200\u001b[0m 6.583 ms - 1118\u001b[0m\n","level":"info"}
{"message":"\u001b[0mGET /nextrend/categorys/ \u001b[32m200\u001b[0m 3.350 ms - 5914\u001b[0m\n","level":"info"}
{"message":"\u001b[0mGET /nextrend/categorys/ \u001b[36m304\u001b[0m 4.372 ms - -\u001b[0m\n","level":"info"}
{"message":"\u001b[0mGET /nextrend/categorys/ \u001b[36m304\u001b[0m 3.047 ms - -\u001b[0m\n","level":"info"}
{"message":"\u001b[0mGET /nextrend/categorys \u001b[32m200\u001b[0m 2.125 ms - 5914\u001b[0m\n","level":"info"}
{"message":"\u001b[0mGET /nextrend/categorys/ \u001b[36m304\u001b[0m 1.993 ms - -\u001b[0m\n","level":"info"}
{"message":"\u001b[0mPOST /nextrend/login/onLogin?userID=admin&userPW=1234 \u001b[32m200\u001b[0m 615.000 ms - 39\u001b[0m\n","level":"info"}
{"message":"\u001b[0mPOST /nextrend/login/onLogin?userID=admin2&userPW=1234 \u001b[32m200\u001b[0m 0.789 ms - 15\u001b[0m\n","level":"info"}
{"message":"\u001b[0mPOST /nextrend/login/onLogin?userID=admin&userPW=123 \u001b[32m200\u001b[0m 626.901 ms - 38\u001b[0m\n","level":"info"}
{"message":"\u001b[0mPOST /nextrend/login/onLogin?userID=admin&userPW=123 \u001b[32m200\u001b[0m 613.305 ms - 38\u001b[0m\n","level":"info"}
{"message":"\u001b[0mGET /nextrend/user/get \u001b[32m200\u001b[0m 2.672 ms - 1118\u001b[0m\n","level":"info"}
{"message":"\u001b[0mGET /nextrend/categorys/ \u001b[32m200\u001b[0m 2.139 ms - 5914\u001b[0m\n","level":"info"}
{"message":"\u001b[0mGET /nextrend/user/get \u001b[36m304\u001b[0m 2.822 ms - -\u001b[0m\n","level":"info"}
{"message":"\u001b[0mGET /nextrend/categorys/ \u001b[36m304\u001b[0m 2.202 ms - -\u001b[0m\n","level":"info"}
{"message":"\u001b[0mGET /nextrend/categorys/ \u001b[36m304\u001b[0m 2.037 ms - -\u001b[0m\n","level":"info"}
{"message":"\u001b[0mGET /nextrend/categorys/ \u001b[36m304\u001b[0m 9.377 ms - -\u001b[0m\n","level":"info"}
{"message":"\u001b[0mGET /nextrend/categorys/ \u001b[36m304\u001b[0m 3.151 ms - -\u001b[0m\n","level":"info"}
{"message":"\u001b[0mGET /nextrend/categorys/ \u001b[36m304\u001b[0m 2.357 ms - -\u001b[0m\n","level":"info"}
{"message":"\u001b[0mGET /nextrend/categorys/ \u001b[36m304\u001b[0m 4.090 ms - -\u001b[0m\n","level":"info"}
{"message":"\u001b[0mGET /nextrend/categorys/ \u001b[36m304\u001b[0m 2.033 ms - -\u001b[0m\n","level":"info"}
{"message":"\u001b[0mGET /nextrend/user/get \u001b[36m304\u001b[0m 6.344 ms - -\u001b[0m\n","level":"info"}
{"message":"\u001b[0mGET /nextrend/user/get \u001b[36m304\u001b[0m 1.472 ms - -\u001b[0m\n","level":"info"}
{"message":"\u001b[0mGET /nextrend/user/get \u001b[36m304\u001b[0m 2.866 ms - -\u001b[0m\n","level":"info"}
